  Apple.cpp
  CollisionManager.cpp
  Game.cpp
  GameField.cpp
I:\Games\MyGames\Snake!\GameField.cpp(10,18): warning C4244: аргумент: преобразование "time_t" в "unsigned int", возможна потеря данных
I:\Games\MyGames\Snake!\GameField.cpp(23,15): warning C4244: инициализация: преобразование "unsigned int" в "float", возможна потеря данных
I:\Games\MyGames\Snake!\GameField.cpp(24,15): warning C4244: инициализация: преобразование "unsigned int" в "float", возможна потеря данных
I:\Games\MyGames\Snake!\GameField.cpp(94,26): warning C4101: ex: неиспользованная локальная переменная
  OverlayScreen.cpp
  main.cpp
  Snake.cpp
I:\Games\MyGames\Snake!\Snake.cpp(186,4): warning C4267: инициализация: преобразование из "size_t" в "int"; возможна потеря данных
  SnakePart.cpp
I:\Games\MyGames\Snake!\SnakePart.cpp(22,48): warning C4244: аргумент: преобразование "int" в "float", возможна потеря данных
I:\Games\MyGames\Snake!\SnakePart.cpp(22,32): warning C4244: аргумент: преобразование "int" в "float", возможна потеря данных
  Создание кода
  Previous IPDB not found, fall back to full compilation.
  All 581 functions were compiled because no usable IPDB/IOBJ from previous compilation was found.
  Создание кода завершено
  sfmltest.vcxproj -> I:\Games\MyGames\Snake!\x64\Release\SnakeGame.exe
