i:\games\mygames\snake!\x64\release\vc142.pdb
i:\games\mygames\snake!\x64\release\snakepart.obj
i:\games\mygames\snake!\x64\release\snake.obj
i:\games\mygames\snake!\x64\release\main.obj
i:\games\mygames\snake!\x64\release\overlayscreen.obj
i:\games\mygames\snake!\x64\release\gamefield.obj
i:\games\mygames\snake!\x64\release\game.obj
i:\games\mygames\snake!\x64\release\collisionmanager.obj
i:\games\mygames\snake!\x64\release\apple.obj
i:\games\mygames\snake!\x64\release\snakegame.exe
i:\games\mygames\snake!\x64\release\snakegame.pdb
i:\games\mygames\snake!\x64\release\snakegame.ipdb
i:\games\mygames\snake!\x64\release\snakegame.iobj
i:\games\mygames\snake!\x64\release\snakegame.tlog\cl.command.1.tlog
i:\games\mygames\snake!\x64\release\snakegame.tlog\cl.read.1.tlog
i:\games\mygames\snake!\x64\release\snakegame.tlog\cl.write.1.tlog
i:\games\mygames\snake!\x64\release\snakegame.tlog\link.command.1.tlog
i:\games\mygames\snake!\x64\release\snakegame.tlog\link.read.1.tlog
i:\games\mygames\snake!\x64\release\snakegame.tlog\link.write.1.tlog
i:\games\mygames\snake!\x64\release\snakegame.tlog\snakegame.write.1u.tlog
